<?xml version="1.0" encoding="UTF-8" ?>
<testsuite failures="0" time="0" errors="0" skipped="0" tests="14" name="dcll.iParser.iParser.QuestionTest">
  <properties>
    <property name="java.runtime.name" value="Java(TM) SE Runtime Environment"/>
    <property name="sun.boot.library.path" value="C:\Program Files\Java\jdk1.7.0_21\jre\bin"/>
    <property name="java.vm.version" value="23.21-b01"/>
    <property name="java.vm.vendor" value="Oracle Corporation"/>
    <property name="java.vendor.url" value="http://java.oracle.com/"/>
    <property name="path.separator" value=";"/>
    <property name="guice.disable.misplaced.annotation.check" value="true"/>
    <property name="java.vm.name" value="Java HotSpot(TM) Client VM"/>
    <property name="file.encoding.pkg" value="sun.io"/>
    <property name="user.script" value=""/>
    <property name="user.country" value="FR"/>
    <property name="sun.java.launcher" value="SUN_STANDARD"/>
    <property name="sun.os.patch.level" value="Service Pack 1"/>
    <property name="java.vm.specification.name" value="Java Virtual Machine Specification"/>
    <property name="user.dir" value="Z:\Projet_DCLL\iParser"/>
    <property name="java.runtime.version" value="1.7.0_21-b11"/>
    <property name="java.awt.graphicsenv" value="sun.awt.Win32GraphicsEnvironment"/>
    <property name="java.endorsed.dirs" value="C:\Program Files\Java\jdk1.7.0_21\jre\lib\endorsed"/>
    <property name="os.arch" value="x86"/>
    <property name="java.io.tmpdir" value="C:\Users\21003368\AppData\Local\Temp\"/>
    <property name="line.separator" value="
"/>
    <property name="java.vm.specification.vendor" value="Oracle Corporation"/>
    <property name="user.variant" value=""/>
    <property name="os.name" value="Windows 7"/>
    <property name="net.sourceforge.cobertura.datafile" value="Z:\Projet_DCLL\iParser\target\cobertura\cobertura.ser"/>
    <property name="classworlds.conf" value="Z:\Projet_DCLL\.metadata\.plugins\org.eclipse.m2e.launching\launches\m2conf4959366965968620429.tmp"/>
    <property name="sun.jnu.encoding" value="Cp1252"/>
    <property name="java.library.path" value="C:\Program Files\Java\jdk1.7.0_21\bin;C:\Windows\Sun\Java\bin;C:\Windows\system32;C:\Windows;C:\Program Files\OCaml\emacs-23.3\bin;C:\Tcl\bin;C:\Program Files\OCaml\bin;C:\Program Files\Java\jdk1.7.0_04\bin;C:\oracle\product\10.2.0\client_1\bin;C:\GNAT\BIN;C:\Windows\SYSTEM32;C:\Windows;C:\Windows\SYSTEM32\WBEM;C:\Windows\SYSTEM32\WINDOWSPOWERSHELL\V1.0\;c:\Program Files\Microsoft SQL Server\90\Tools\binn\;C:\Program Files\Microsoft\Web Platform Installer\;C:\Program Files\Microsoft ASP.NET\ASP.NET Web Pages\v1.0\;C:\Program Files\Windows Kits\8.0\Windows Performance Toolkit\;C:\Program Files\Microsoft SQL Server\110\Tools\Binn\;."/>
    <property name="debug" value="-e"/>
    <property name="java.specification.name" value="Java Platform API Specification"/>
    <property name="java.class.version" value="51.0"/>
    <property name="sun.management.compiler" value="HotSpot Client Compiler"/>
    <property name="os.version" value="6.1"/>
    <property name="user.home" value="C:\Users\21003368"/>
    <property name="user.timezone" value="Europe/Paris"/>
    <property name="java.awt.printerjob" value="sun.awt.windows.WPrinterJob"/>
    <property name="java.specification.version" value="1.7"/>
    <property name="file.encoding" value="Cp1252"/>
    <property name="user.name" value="21003368"/>
    <property name="java.class.path" value="/C:/groovy/ggts-3.4.0.RELEASE/configuration/org.eclipse.osgi/bundles/914/1/.cp/jars/plexus-classworlds-2.4.jar"/>
    <property name="java.vm.specification.version" value="1.7"/>
    <property name="sun.arch.data.model" value="32"/>
    <property name="java.home" value="C:\Program Files\Java\jdk1.7.0_21\jre"/>
    <property name="sun.java.command" value="org.codehaus.plexus.classworlds.launcher.Launcher -Ddebug=-e -B site"/>
    <property name="java.specification.vendor" value="Oracle Corporation"/>
    <property name="user.language" value="fr"/>
    <property name="awt.toolkit" value="sun.awt.windows.WToolkit"/>
    <property name="java.vm.info" value="mixed mode, sharing"/>
    <property name="java.version" value="1.7.0_21"/>
    <property name="java.ext.dirs" value="C:\Program Files\Java\jdk1.7.0_21\jre\lib\ext;C:\Windows\Sun\Java\lib\ext"/>
    <property name="sun.boot.class.path" value="C:\Program Files\Java\jdk1.7.0_21\jre\lib\resources.jar;C:\Program Files\Java\jdk1.7.0_21\jre\lib\rt.jar;C:\Program Files\Java\jdk1.7.0_21\jre\lib\sunrsasign.jar;C:\Program Files\Java\jdk1.7.0_21\jre\lib\jsse.jar;C:\Program Files\Java\jdk1.7.0_21\jre\lib\jce.jar;C:\Program Files\Java\jdk1.7.0_21\jre\lib\charsets.jar;C:\Program Files\Java\jdk1.7.0_21\jre\lib\jfr.jar;C:\Program Files\Java\jdk1.7.0_21\jre\classes"/>
    <property name="java.vendor" value="Oracle Corporation"/>
    <property name="maven.home" value="Z:\Projet_DCLL\iParser\EMBEDDED"/>
    <property name="file.separator" value="\"/>
    <property name="java.vendor.url.bug" value="http://bugreport.sun.com/bugreport/"/>
    <property name="maven.bootclasspath" value="/C:/groovy/ggts-3.4.0.RELEASE/configuration/org.eclipse.osgi/bundles/914/1/.cp/jars/plexus-classworlds-2.4.jar"/>
    <property name="sun.cpu.endian" value="little"/>
    <property name="sun.io.unicode.encoding" value="UnicodeLittle"/>
    <property name="project.build.outputDirectory" value="Z:\Projet_DCLL\iParser\target\generated-classes\cobertura"/>
    <property name="sun.desktop" value="windows"/>
    <property name="sun.cpu.isalist" value="pentium_pro+mmx pentium_pro pentium+mmx pentium i486 i386 i86"/>
  </properties>
  <testcase time="0" classname="dcll.iParser.iParser.QuestionTest" name="testNbReponsesCorrecteMultiple"/>
  <testcase time="0" classname="dcll.iParser.iParser.QuestionTest" name="testReponseCorrecteSIMPLE"/>
  <testcase time="0" classname="dcll.iParser.iParser.QuestionTest" name="testReponseFausseSIMPLE"/>
  <testcase time="0" classname="dcll.iParser.iParser.QuestionTest" name="testReponseCorrecteMULTIPLE"/>
  <testcase time="0" classname="dcll.iParser.iParser.QuestionTest" name="testReponseFausseMULTIPLE"/>
  <testcase time="0" classname="dcll.iParser.iParser.QuestionTest" name="testReponseFausseMULTIPLE2"/>
  <testcase time="0" classname="dcll.iParser.iParser.QuestionTest" name="testNbReponsesCorrecteSIMPLE"/>
  <testcase time="0" classname="dcll.iParser.iParser.QuestionTest" name="testGetIndiceOfNormal"/>
  <testcase time="0" classname="dcll.iParser.iParser.QuestionTest" name="testGetIndiceOfInconnu"/>
  <testcase time="0" classname="dcll.iParser.iParser.QuestionTest" name="testAjoutReponse"/>
  <testcase time="0" classname="dcll.iParser.iParser.QuestionTest" name="testResultOfSizeZero"/>
  <testcase time="0" classname="dcll.iParser.iParser.QuestionTest" name="testGetQuestionText"/>
  <testcase time="0" classname="dcll.iParser.iParser.QuestionTest" name="testtoString"/>
  <testcase time="0" classname="dcll.iParser.iParser.QuestionTest" name="testGetIeme"/>
</testsuite>